<?xml version="1.0" encoding="UTF-8"?>
<!-- Generated by org.testng.reporters.JUnitReportReporter -->
<testsuite skipped="0" hostname="SINDIYA-DIPIN" name="testrunner.GenericRunner" tests="4" failures="0" timestamp="29 Mar 2020 18:09:18 GMT" time="0.215" errors="0">
  <testcase name="runScenario" time="0.205" classname="testrunner.GenericRunner"/>
  <testcase name="runScenario" time="0.004" classname="testrunner.GenericRunner"/>
  <testcase name="runScenario" time="0.002" classname="testrunner.GenericRunner"/>
  <testcase name="runScenario" time="0.004" classname="testrunner.GenericRunner"/>
</testsuite> <!-- testrunner.GenericRunner -->
