<?xml version="1.0" encoding="UTF-8"?>
<!-- Generated by org.testng.reporters.JUnitReportReporter -->
<testsuite skipped="0" hostname="SINDIYA-DIPIN" name="testrunner.GenericRunnerWithTags" tests="3" failures="0" timestamp="10 Jul 2020 03:22:17 GMT" time="0.307" errors="0">
  <testcase name="runScenario" time="0.002" classname="testrunner.GenericRunnerWithTags"/>
  <testcase name="runScenario" time="0.303" classname="testrunner.GenericRunnerWithTags"/>
  <testcase name="runScenario" time="0.002" classname="testrunner.GenericRunnerWithTags"/>
</testsuite> <!-- testrunner.GenericRunnerWithTags -->
